2023/11/01 15:54:42 - mmengine - INFO - 
------------------------------------------------------------
System environment:
    sys.platform: linux
    Python: 3.8.18 (default, Sep 11 2023, 13:40:15) [GCC 11.2.0]
    CUDA available: True
    numpy_random_seed: 219040288
    GPU 0,1,2,3,4,5: NVIDIA GeForce RTX 4090
    CUDA_HOME: /usr/local/cuda-11.3
    NVCC: Cuda compilation tools, release 11.3, V11.3.58
    GCC: gcc (Ubuntu 7.5.0-3ubuntu1~18.04) 7.5.0
    PyTorch: 1.10.2
    PyTorch compiling details: PyTorch built with:
  - GCC 7.3
  - C++ Version: 201402
  - Intel(R) oneAPI Math Kernel Library Version 2023.1-Product Build 20230303 for Intel(R) 64 architecture applications
  - Intel(R) MKL-DNN v2.2.3 (Git Hash 7336ca9f055cf1bfa13efb658fe15dc9b41f0740)
  - OpenMP 201511 (a.k.a. OpenMP 4.5)
  - LAPACK is enabled (usually provided by MKL)
  - NNPACK is enabled
  - CPU capability usage: AVX2
  - CUDA Runtime 11.3
  - NVCC architecture flags: -gencode;arch=compute_37,code=sm_37;-gencode;arch=compute_50,code=sm_50;-gencode;arch=compute_60,code=sm_60;-gencode;arch=compute_61,code=sm_61;-gencode;arch=compute_70,code=sm_70;-gencode;arch=compute_75,code=sm_75;-gencode;arch=compute_80,code=sm_80;-gencode;arch=compute_86,code=sm_86;-gencode;arch=compute_37,code=compute_37
  - CuDNN 8.2
  - Magma 2.5.2
  - Build settings: BLAS_INFO=mkl, BUILD_TYPE=Release, CUDA_VERSION=11.3, CUDNN_VERSION=8.2.0, CXX_COMPILER=/opt/rh/devtoolset-7/root/usr/bin/c++, CXX_FLAGS= -Wno-deprecated -fvisibility-inlines-hidden -DUSE_PTHREADPOOL -fopenmp -DNDEBUG -DUSE_KINETO -DUSE_FBGEMM -DUSE_QNNPACK -DUSE_PYTORCH_QNNPACK -DUSE_XNNPACK -DSYMBOLICATE_MOBILE_DEBUG_HANDLE -DEDGE_PROFILER_USE_KINETO -O2 -fPIC -Wno-narrowing -Wall -Wextra -Werror=return-type -Wno-missing-field-initializers -Wno-type-limits -Wno-array-bounds -Wno-unknown-pragmas -Wno-sign-compare -Wno-unused-parameter -Wno-unused-variable -Wno-unused-function -Wno-unused-result -Wno-unused-local-typedefs -Wno-strict-overflow -Wno-strict-aliasing -Wno-error=deprecated-declarations -Wno-stringop-overflow -Wno-psabi -Wno-error=pedantic -Wno-error=redundant-decls -Wno-error=old-style-cast -fdiagnostics-color=always -faligned-new -Wno-unused-but-set-variable -Wno-maybe-uninitialized -fno-math-errno -fno-trapping-math -Werror=format -Wno-stringop-overflow, LAPACK_INFO=mkl, PERF_WITH_AVX=1, PERF_WITH_AVX2=1, PERF_WITH_AVX512=1, TORCH_VERSION=1.10.2, USE_CUDA=ON, USE_CUDNN=ON, USE_EXCEPTION_PTR=1, USE_GFLAGS=OFF, USE_GLOG=OFF, USE_MKL=ON, USE_MKLDNN=ON, USE_MPI=OFF, USE_NCCL=ON, USE_NNPACK=ON, USE_OPENMP=ON, 

    TorchVision: 0.11.3
    OpenCV: 4.8.1
    MMEngine: 0.9.0

Runtime environment:
    cudnn_benchmark: False
    mp_cfg: {'mp_start_method': 'fork', 'opencv_num_threads': 0}
    dist_cfg: {'backend': 'nccl'}
    seed: 219040288
    Distributed launcher: none
    Distributed training: False
    GPU number: 1
------------------------------------------------------------

2023/11/01 15:54:42 - mmengine - INFO - Config:
auto_scale_lr = dict(base_batch_size=1536)
cute80_textrecog_data_root = 'data/cute80'
cute80_textrecog_test = dict(
    ann_file='textrecog_test.json',
    data_root='data/cute80',
    pipeline=None,
    test_mode=True,
    type='OCRDataset')
default_hooks = dict(
    checkpoint=dict(interval=1, type='CheckpointHook'),
    logger=dict(interval=100, type='LoggerHook'),
    param_scheduler=dict(type='ParamSchedulerHook'),
    sampler_seed=dict(type='DistSamplerSeedHook'),
    sync_buffer=dict(type='SyncBuffersHook'),
    timer=dict(type='IterTimerHook'),
    visualization=dict(
        draw_gt=False,
        draw_pred=False,
        enable=False,
        interval=1,
        show=False,
        type='VisualizationHook'))
default_scope = 'mmocr'
dictionary = dict(
    dict_file=
    '/home/biometrics/reserve/Multimodal-Product/implement_prev/configs/textrecog/abinet/../../../dicts/lower_english_digits.txt',
    same_start_end=True,
    type='Dictionary',
    with_end=True,
    with_padding=False,
    with_start=True,
    with_unknown=False)
env_cfg = dict(
    cudnn_benchmark=False,
    dist_cfg=dict(backend='nccl'),
    mp_cfg=dict(mp_start_method='fork', opencv_num_threads=0))
icdar2013_857_textrecog_test = dict(
    ann_file='textrecog_test_857.json',
    data_root='data/icdar2013',
    pipeline=None,
    test_mode=True,
    type='OCRDataset')
icdar2013_textrecog_data_root = 'data/icdar2013'
icdar2013_textrecog_test = dict(
    ann_file='textrecog_test.json',
    data_root='data/icdar2013',
    pipeline=None,
    test_mode=True,
    type='OCRDataset')
icdar2013_textrecog_train = dict(
    ann_file='textrecog_train.json',
    data_root='data/icdar2013',
    pipeline=None,
    type='OCRDataset')
icdar2015_1811_textrecog_test = dict(
    ann_file='textrecog_test_1811.json',
    data_root='data/icdar2015',
    pipeline=None,
    test_mode=True,
    type='OCRDataset')
icdar2015_textrecog_data_root = 'data/icdar2015'
icdar2015_textrecog_test = dict(
    ann_file='textrecog_test.json',
    data_root='data/icdar2015',
    pipeline=None,
    test_mode=True,
    type='OCRDataset')
icdar2015_textrecog_train = dict(
    ann_file='textrecog_train.json',
    data_root='data/icdar2015',
    pipeline=None,
    type='OCRDataset')
iiit5k_textrecog_data_root = 'data/iiit5k'
iiit5k_textrecog_test = dict(
    ann_file='textrecog_test.json',
    data_root='data/iiit5k',
    pipeline=None,
    test_mode=True,
    type='OCRDataset')
iiit5k_textrecog_train = dict(
    ann_file='textrecog_train.json',
    data_root='data/iiit5k',
    pipeline=None,
    type='OCRDataset')
launcher = 'none'
load_from = 'checkpoints/textrecog/abinet_20e_st-an_mj_20221005_012617-ead8c139.pth'
log_level = 'INFO'
log_processor = dict(by_epoch=True, type='LogProcessor', window_size=10)
mjsynth_sub_textrecog_train = dict(
    ann_file='subset_textrecog_train.json',
    data_root='data/mjsynth',
    pipeline=None,
    type='OCRDataset')
mjsynth_textrecog_data_root = 'data/mjsynth'
mjsynth_textrecog_train = dict(
    ann_file='textrecog_train.json',
    data_root='data/mjsynth',
    pipeline=None,
    type='OCRDataset')
model = dict(
    backbone=dict(type='ResNetABI'),
    data_preprocessor=dict(
        mean=[
            123.675,
            116.28,
            103.53,
        ],
        std=[
            58.395,
            57.12,
            57.375,
        ],
        type='TextRecogDataPreprocessor'),
    decoder=dict(
        d_model=512,
        dictionary=dict(
            dict_file=
            '/home/biometrics/reserve/Multimodal-Product/implement_prev/configs/textrecog/abinet/../../../dicts/lower_english_digits.txt',
            same_start_end=True,
            type='Dictionary',
            with_end=True,
            with_padding=False,
            with_start=True,
            with_unknown=False),
        language_decoder=dict(
            d_inner=2048,
            d_model=512,
            detach_tokens=True,
            dropout=0.1,
            n_head=8,
            n_layers=4,
            type='ABILanguageDecoder',
            use_self_attn=False),
        max_seq_len=26,
        module_loss=dict(letter_case='lower', type='ABIModuleLoss'),
        num_iters=3,
        postprocessor=dict(type='AttentionPostprocessor'),
        type='ABIFuser',
        vision_decoder=dict(
            attn_height=8,
            attn_mode='nearest',
            attn_width=32,
            in_channels=512,
            init_cfg=dict(layer='Conv2d', type='Xavier'),
            num_channels=64,
            type='ABIVisionDecoder')),
    encoder=dict(
        d_inner=2048,
        d_model=512,
        dropout=0.1,
        max_len=256,
        n_head=8,
        n_layers=3,
        type='ABIEncoder'),
    type='ABINet')
optim_wrapper = dict(
    optimizer=dict(lr=0.0001, type='Adam'), type='OptimWrapper')
param_scheduler = [
    dict(
        convert_to_iter_based=True, end=2, start_factor=0.001,
        type='LinearLR'),
    dict(end=20, milestones=[
        16,
        18,
    ], type='MultiStepLR'),
]
randomness = dict(seed=None)
resume = False
svt_textrecog_data_root = 'data/svt'
svt_textrecog_test = dict(
    ann_file='textrecog_test.json',
    data_root='data/svt',
    pipeline=None,
    test_mode=True,
    type='OCRDataset')
svt_textrecog_train = dict(
    ann_file='textrecog_train.json',
    data_root='data/svt',
    pipeline=None,
    type='OCRDataset')
svtp_textrecog_data_root = 'data/svtp'
svtp_textrecog_test = dict(
    ann_file='textrecog_test.json',
    data_root='data/svtp',
    pipeline=None,
    test_mode=True,
    type='OCRDataset')
svtp_textrecog_train = dict(
    ann_file='textrecog_train.json',
    data_root='data/svtp',
    pipeline=None,
    type='OCRDataset')
synthtext_an_textrecog_train = dict(
    ann_file='alphanumeric_textrecog_train.json',
    data_root='data/synthtext',
    pipeline=None,
    type='OCRDataset')
synthtext_sub_textrecog_train = dict(
    ann_file='subset_textrecog_train.json',
    data_root='data/synthtext',
    pipeline=None,
    type='OCRDataset')
synthtext_textrecog_data_root = 'data/synthtext'
synthtext_textrecog_train = dict(
    ann_file='textrecog_train.json',
    data_root='data/synthtext',
    pipeline=None,
    type='OCRDataset')
test_cfg = dict(type='TestLoop')
test_dataloader = dict(
    batch_size=1,
    dataset=dict(
        datasets=[
            dict(
                ann_file='textrecog_test.json',
                data_root='data/icdar2015',
                pipeline=None,
                test_mode=True,
                type='OCRDataset'),
        ],
        pipeline=[
            dict(type='LoadImageFromFile'),
            dict(scale=(
                128,
                32,
            ), type='Resize'),
            dict(type='LoadOCRAnnotations', with_text=True),
            dict(
                meta_keys=(
                    'img_path',
                    'ori_shape',
                    'img_shape',
                    'valid_ratio',
                ),
                type='PackTextRecogInputs'),
        ],
        type='ConcatDataset'),
    drop_last=False,
    num_workers=4,
    persistent_workers=True,
    sampler=dict(shuffle=False, type='DefaultSampler'))
test_dataset = dict(
    datasets=[
        dict(
            ann_file='textrecog_test.json',
            data_root='data/icdar2015',
            pipeline=None,
            test_mode=True,
            type='OCRDataset'),
    ],
    pipeline=[
        dict(type='LoadImageFromFile'),
        dict(scale=(
            128,
            32,
        ), type='Resize'),
        dict(type='LoadOCRAnnotations', with_text=True),
        dict(
            meta_keys=(
                'img_path',
                'ori_shape',
                'img_shape',
                'valid_ratio',
            ),
            type='PackTextRecogInputs'),
    ],
    type='ConcatDataset')
test_evaluator = dict(
    dataset_prefixes=[
        'CUTE80',
        'IIIT5K',
        'SVT',
        'SVTP',
        'IC13',
        'IC15',
    ],
    metrics=[
        dict(
            mode=[
                'exact',
                'ignore_case',
                'ignore_case_symbol',
            ],
            type='WordMetric'),
        dict(type='CharMetric'),
    ],
    type='MultiDatasetsEvaluator')
test_list = [
    dict(
        ann_file='textrecog_test.json',
        data_root='data/icdar2015',
        pipeline=None,
        test_mode=True,
        type='OCRDataset'),
]
test_pipeline = [
    dict(type='LoadImageFromFile'),
    dict(scale=(
        128,
        32,
    ), type='Resize'),
    dict(type='LoadOCRAnnotations', with_text=True),
    dict(
        meta_keys=(
            'img_path',
            'ori_shape',
            'img_shape',
            'valid_ratio',
        ),
        type='PackTextRecogInputs'),
]
train_cfg = dict(max_epochs=20, type='EpochBasedTrainLoop', val_interval=1)
train_dataloader = dict(
    batch_size=192,
    dataset=dict(
        datasets=[
            dict(
                ann_file='textrecog_train.json',
                data_root='data/mjsynth',
                pipeline=None,
                type='OCRDataset'),
            dict(
                ann_file='alphanumeric_textrecog_train.json',
                data_root='data/synthtext',
                pipeline=None,
                type='OCRDataset'),
        ],
        pipeline=[
            dict(ignore_empty=True, min_size=2, type='LoadImageFromFile'),
            dict(type='LoadOCRAnnotations', with_text=True),
            dict(scale=(
                128,
                32,
            ), type='Resize'),
            dict(
                prob=0.5,
                transforms=[
                    dict(
                        transforms=[
                            dict(max_angle=15, type='RandomRotate'),
                            dict(
                                degrees=15,
                                op='RandomAffine',
                                scale=(
                                    0.5,
                                    2.0,
                                ),
                                shear=(
                                    -45,
                                    45,
                                ),
                                translate=(
                                    0.3,
                                    0.3,
                                ),
                                type='TorchVisionWrapper'),
                            dict(
                                distortion_scale=0.5,
                                op='RandomPerspective',
                                p=1,
                                type='TorchVisionWrapper'),
                        ],
                        type='RandomChoice'),
                ],
                type='RandomApply'),
            dict(
                prob=0.25,
                transforms=[
                    dict(type='PyramidRescale'),
                    dict(
                        transforms=[
                            dict(
                                p=0.5, type='GaussNoise', var_limit=(
                                    20,
                                    20,
                                )),
                            dict(blur_limit=7, p=0.5, type='MotionBlur'),
                        ],
                        type='mmdet.Albu'),
                ],
                type='RandomApply'),
            dict(
                prob=0.25,
                transforms=[
                    dict(
                        brightness=0.5,
                        contrast=0.5,
                        hue=0.1,
                        op='ColorJitter',
                        saturation=0.5,
                        type='TorchVisionWrapper'),
                ],
                type='RandomApply'),
            dict(
                meta_keys=(
                    'img_path',
                    'ori_shape',
                    'img_shape',
                    'valid_ratio',
                ),
                type='PackTextRecogInputs'),
        ],
        type='ConcatDataset'),
    num_workers=32,
    persistent_workers=True,
    sampler=dict(shuffle=True, type='DefaultSampler'))
train_dataset = dict(
    datasets=[
        dict(
            ann_file='textrecog_train.json',
            data_root='data/mjsynth',
            pipeline=None,
            type='OCRDataset'),
        dict(
            ann_file='alphanumeric_textrecog_train.json',
            data_root='data/synthtext',
            pipeline=None,
            type='OCRDataset'),
    ],
    pipeline=[
        dict(ignore_empty=True, min_size=2, type='LoadImageFromFile'),
        dict(type='LoadOCRAnnotations', with_text=True),
        dict(scale=(
            128,
            32,
        ), type='Resize'),
        dict(
            prob=0.5,
            transforms=[
                dict(
                    transforms=[
                        dict(max_angle=15, type='RandomRotate'),
                        dict(
                            degrees=15,
                            op='RandomAffine',
                            scale=(
                                0.5,
                                2.0,
                            ),
                            shear=(
                                -45,
                                45,
                            ),
                            translate=(
                                0.3,
                                0.3,
                            ),
                            type='TorchVisionWrapper'),
                        dict(
                            distortion_scale=0.5,
                            op='RandomPerspective',
                            p=1,
                            type='TorchVisionWrapper'),
                    ],
                    type='RandomChoice'),
            ],
            type='RandomApply'),
        dict(
            prob=0.25,
            transforms=[
                dict(type='PyramidRescale'),
                dict(
                    transforms=[
                        dict(p=0.5, type='GaussNoise', var_limit=(
                            20,
                            20,
                        )),
                        dict(blur_limit=7, p=0.5, type='MotionBlur'),
                    ],
                    type='mmdet.Albu'),
            ],
            type='RandomApply'),
        dict(
            prob=0.25,
            transforms=[
                dict(
                    brightness=0.5,
                    contrast=0.5,
                    hue=0.1,
                    op='ColorJitter',
                    saturation=0.5,
                    type='TorchVisionWrapper'),
            ],
            type='RandomApply'),
        dict(
            meta_keys=(
                'img_path',
                'ori_shape',
                'img_shape',
                'valid_ratio',
            ),
            type='PackTextRecogInputs'),
    ],
    type='ConcatDataset')
train_list = [
    dict(
        ann_file='textrecog_train.json',
        data_root='data/mjsynth',
        pipeline=None,
        type='OCRDataset'),
    dict(
        ann_file='alphanumeric_textrecog_train.json',
        data_root='data/synthtext',
        pipeline=None,
        type='OCRDataset'),
]
train_pipeline = [
    dict(ignore_empty=True, min_size=2, type='LoadImageFromFile'),
    dict(type='LoadOCRAnnotations', with_text=True),
    dict(scale=(
        128,
        32,
    ), type='Resize'),
    dict(
        prob=0.5,
        transforms=[
            dict(
                transforms=[
                    dict(max_angle=15, type='RandomRotate'),
                    dict(
                        degrees=15,
                        op='RandomAffine',
                        scale=(
                            0.5,
                            2.0,
                        ),
                        shear=(
                            -45,
                            45,
                        ),
                        translate=(
                            0.3,
                            0.3,
                        ),
                        type='TorchVisionWrapper'),
                    dict(
                        distortion_scale=0.5,
                        op='RandomPerspective',
                        p=1,
                        type='TorchVisionWrapper'),
                ],
                type='RandomChoice'),
        ],
        type='RandomApply'),
    dict(
        prob=0.25,
        transforms=[
            dict(type='PyramidRescale'),
            dict(
                transforms=[
                    dict(p=0.5, type='GaussNoise', var_limit=(
                        20,
                        20,
                    )),
                    dict(blur_limit=7, p=0.5, type='MotionBlur'),
                ],
                type='mmdet.Albu'),
        ],
        type='RandomApply'),
    dict(
        prob=0.25,
        transforms=[
            dict(
                brightness=0.5,
                contrast=0.5,
                hue=0.1,
                op='ColorJitter',
                saturation=0.5,
                type='TorchVisionWrapper'),
        ],
        type='RandomApply'),
    dict(
        meta_keys=(
            'img_path',
            'ori_shape',
            'img_shape',
            'valid_ratio',
        ),
        type='PackTextRecogInputs'),
]
tta_model = dict(type='EncoderDecoderRecognizerTTAModel')
tta_pipeline = [
    dict(type='LoadImageFromFile'),
    dict(
        transforms=[
            [
                dict(
                    condition="results['img_shape'][1]<results['img_shape'][0]",
                    true_transforms=[
                        dict(
                            args=[
                                dict(cls='Rot90', k=0, keep_size=False),
                            ],
                            type='ImgAugWrapper'),
                    ],
                    type='ConditionApply'),
                dict(
                    condition="results['img_shape'][1]<results['img_shape'][0]",
                    true_transforms=[
                        dict(
                            args=[
                                dict(cls='Rot90', k=1, keep_size=False),
                            ],
                            type='ImgAugWrapper'),
                    ],
                    type='ConditionApply'),
                dict(
                    condition="results['img_shape'][1]<results['img_shape'][0]",
                    true_transforms=[
                        dict(
                            args=[
                                dict(cls='Rot90', k=3, keep_size=False),
                            ],
                            type='ImgAugWrapper'),
                    ],
                    type='ConditionApply'),
            ],
            [
                dict(scale=(
                    128,
                    32,
                ), type='Resize'),
            ],
            [
                dict(type='LoadOCRAnnotations', with_text=True),
            ],
            [
                dict(
                    meta_keys=(
                        'img_path',
                        'ori_shape',
                        'img_shape',
                        'valid_ratio',
                    ),
                    type='PackTextRecogInputs'),
            ],
        ],
        type='TestTimeAug'),
]
val_cfg = dict(type='ValLoop')
val_dataloader = dict(
    batch_size=1,
    dataset=dict(
        datasets=[
            dict(
                ann_file='textrecog_test.json',
                data_root='data/icdar2015',
                pipeline=None,
                test_mode=True,
                type='OCRDataset'),
        ],
        pipeline=[
            dict(type='LoadImageFromFile'),
            dict(scale=(
                128,
                32,
            ), type='Resize'),
            dict(type='LoadOCRAnnotations', with_text=True),
            dict(
                meta_keys=(
                    'img_path',
                    'ori_shape',
                    'img_shape',
                    'valid_ratio',
                ),
                type='PackTextRecogInputs'),
        ],
        type='ConcatDataset'),
    drop_last=False,
    num_workers=4,
    persistent_workers=True,
    sampler=dict(shuffle=False, type='DefaultSampler'))
val_evaluator = dict(
    dataset_prefixes=[
        'CUTE80',
        'IIIT5K',
        'SVT',
        'SVTP',
        'IC13',
        'IC15',
    ],
    metrics=[
        dict(
            mode=[
                'exact',
                'ignore_case',
                'ignore_case_symbol',
            ],
            type='WordMetric'),
        dict(type='CharMetric'),
    ],
    type='MultiDatasetsEvaluator')
vis_backends = [
    dict(type='LocalVisBackend'),
]
visualizer = dict(
    name='visualizer',
    type='TextRecogLocalVisualizer',
    vis_backends=[
        dict(type='LocalVisBackend'),
    ])
work_dir = './work_dirs/abinet_20e_st-an_mj'

2023/11/01 15:54:45 - mmengine - INFO - Distributed training is not used, all SyncBatchNorm (SyncBN) layers in the model will be automatically reverted to BatchNormXd layers if they are used.
2023/11/01 15:54:45 - mmengine - INFO - Hooks will be executed in the following order:
before_run:
(VERY_HIGH   ) RuntimeInfoHook                    
(BELOW_NORMAL) LoggerHook                         
 -------------------- 
before_train:
(VERY_HIGH   ) RuntimeInfoHook                    
(NORMAL      ) IterTimerHook                      
(VERY_LOW    ) CheckpointHook                     
 -------------------- 
before_train_epoch:
(VERY_HIGH   ) RuntimeInfoHook                    
(NORMAL      ) IterTimerHook                      
(NORMAL      ) DistSamplerSeedHook                
 -------------------- 
before_train_iter:
(VERY_HIGH   ) RuntimeInfoHook                    
(NORMAL      ) IterTimerHook                      
 -------------------- 
after_train_iter:
(VERY_HIGH   ) RuntimeInfoHook                    
(NORMAL      ) IterTimerHook                      
(BELOW_NORMAL) LoggerHook                         
(LOW         ) ParamSchedulerHook                 
(VERY_LOW    ) CheckpointHook                     
 -------------------- 
after_train_epoch:
(NORMAL      ) IterTimerHook                      
(NORMAL      ) SyncBuffersHook                    
(LOW         ) ParamSchedulerHook                 
(VERY_LOW    ) CheckpointHook                     
 -------------------- 
before_val:
(VERY_HIGH   ) RuntimeInfoHook                    
 -------------------- 
before_val_epoch:
(NORMAL      ) IterTimerHook                      
(NORMAL      ) SyncBuffersHook                    
 -------------------- 
before_val_iter:
(NORMAL      ) IterTimerHook                      
 -------------------- 
after_val_iter:
(NORMAL      ) IterTimerHook                      
(NORMAL      ) VisualizationHook                  
(BELOW_NORMAL) LoggerHook                         
 -------------------- 
after_val_epoch:
(VERY_HIGH   ) RuntimeInfoHook                    
(NORMAL      ) IterTimerHook                      
(BELOW_NORMAL) LoggerHook                         
(LOW         ) ParamSchedulerHook                 
(VERY_LOW    ) CheckpointHook                     
 -------------------- 
after_val:
(VERY_HIGH   ) RuntimeInfoHook                    
 -------------------- 
after_train:
(VERY_HIGH   ) RuntimeInfoHook                    
(VERY_LOW    ) CheckpointHook                     
 -------------------- 
before_test:
(VERY_HIGH   ) RuntimeInfoHook                    
 -------------------- 
before_test_epoch:
(NORMAL      ) IterTimerHook                      
 -------------------- 
before_test_iter:
(NORMAL      ) IterTimerHook                      
 -------------------- 
after_test_iter:
(NORMAL      ) IterTimerHook                      
(NORMAL      ) VisualizationHook                  
(BELOW_NORMAL) LoggerHook                         
 -------------------- 
after_test_epoch:
(VERY_HIGH   ) RuntimeInfoHook                    
(NORMAL      ) IterTimerHook                      
(BELOW_NORMAL) LoggerHook                         
 -------------------- 
after_test:
(VERY_HIGH   ) RuntimeInfoHook                    
 -------------------- 
after_run:
(BELOW_NORMAL) LoggerHook                         
 -------------------- 
2023/11/01 15:54:47 - mmengine - INFO - Load checkpoint from checkpoints/textrecog/abinet_20e_st-an_mj_20221005_012617-ead8c139.pth
2023/11/01 15:54:50 - mmengine - INFO - Epoch(test) [ 100/2077]    eta: 0:01:00  time: 0.0161  data_time: 0.0003  memory: 157  
2023/11/01 15:54:51 - mmengine - INFO - Epoch(test) [ 200/2077]    eta: 0:00:44  time: 0.0161  data_time: 0.0003  memory: 157  
2023/11/01 15:54:53 - mmengine - INFO - Epoch(test) [ 300/2077]    eta: 0:00:37  time: 0.0162  data_time: 0.0003  memory: 157  
2023/11/01 15:54:55 - mmengine - INFO - Epoch(test) [ 400/2077]    eta: 0:00:33  time: 0.0162  data_time: 0.0004  memory: 157  
2023/11/01 15:54:56 - mmengine - INFO - Epoch(test) [ 500/2077]    eta: 0:00:30  time: 0.0161  data_time: 0.0003  memory: 157  
2023/11/01 15:54:58 - mmengine - INFO - Epoch(test) [ 600/2077]    eta: 0:00:27  time: 0.0162  data_time: 0.0003  memory: 157  
2023/11/01 15:54:59 - mmengine - INFO - Epoch(test) [ 700/2077]    eta: 0:00:25  time: 0.0164  data_time: 0.0003  memory: 157  
2023/11/01 15:55:01 - mmengine - INFO - Epoch(test) [ 800/2077]    eta: 0:00:22  time: 0.0161  data_time: 0.0003  memory: 157  
2023/11/01 15:55:03 - mmengine - INFO - Epoch(test) [ 900/2077]    eta: 0:00:20  time: 0.0162  data_time: 0.0003  memory: 157  
2023/11/01 15:55:04 - mmengine - INFO - Epoch(test) [1000/2077]    eta: 0:00:18  time: 0.0162  data_time: 0.0003  memory: 157  
2023/11/01 15:55:06 - mmengine - INFO - Epoch(test) [1100/2077]    eta: 0:00:17  time: 0.0162  data_time: 0.0003  memory: 157  
2023/11/01 15:55:08 - mmengine - INFO - Epoch(test) [1200/2077]    eta: 0:00:15  time: 0.0161  data_time: 0.0003  memory: 157  
2023/11/01 15:55:09 - mmengine - INFO - Epoch(test) [1300/2077]    eta: 0:00:13  time: 0.0162  data_time: 0.0003  memory: 157  
2023/11/01 15:55:11 - mmengine - INFO - Epoch(test) [1400/2077]    eta: 0:00:11  time: 0.0162  data_time: 0.0003  memory: 157  
2023/11/01 15:55:12 - mmengine - INFO - Epoch(test) [1500/2077]    eta: 0:00:09  time: 0.0162  data_time: 0.0003  memory: 157  
2023/11/01 15:55:14 - mmengine - INFO - Epoch(test) [1600/2077]    eta: 0:00:08  time: 0.0162  data_time: 0.0003  memory: 157  
2023/11/01 15:55:16 - mmengine - INFO - Epoch(test) [1700/2077]    eta: 0:00:06  time: 0.0162  data_time: 0.0003  memory: 157  
2023/11/01 15:55:17 - mmengine - INFO - Epoch(test) [1800/2077]    eta: 0:00:04  time: 0.0161  data_time: 0.0003  memory: 157  
2023/11/01 15:55:19 - mmengine - INFO - Epoch(test) [1900/2077]    eta: 0:00:03  time: 0.0161  data_time: 0.0003  memory: 157  
2023/11/01 15:55:21 - mmengine - INFO - Epoch(test) [2000/2077]    eta: 0:00:01  time: 0.0162  data_time: 0.0003  memory: 157  
