2023/11/01 09:58:23 - mmengine - INFO - 
------------------------------------------------------------
System environment:
    sys.platform: linux
    Python: 3.8.18 (default, Sep 11 2023, 13:40:15) [GCC 11.2.0]
    CUDA available: True
    numpy_random_seed: 1067351397
    GPU 0,1,2,3,4,5: NVIDIA GeForce RTX 4090
    CUDA_HOME: /usr/local/cuda-11.3
    NVCC: Cuda compilation tools, release 11.3, V11.3.58
    GCC: gcc (Ubuntu 7.5.0-3ubuntu1~18.04) 7.5.0
    PyTorch: 1.10.2
    PyTorch compiling details: PyTorch built with:
  - GCC 7.3
  - C++ Version: 201402
  - Intel(R) oneAPI Math Kernel Library Version 2023.1-Product Build 20230303 for Intel(R) 64 architecture applications
  - Intel(R) MKL-DNN v2.2.3 (Git Hash 7336ca9f055cf1bfa13efb658fe15dc9b41f0740)
  - OpenMP 201511 (a.k.a. OpenMP 4.5)
  - LAPACK is enabled (usually provided by MKL)
  - NNPACK is enabled
  - CPU capability usage: AVX2
  - CUDA Runtime 11.3
  - NVCC architecture flags: -gencode;arch=compute_37,code=sm_37;-gencode;arch=compute_50,code=sm_50;-gencode;arch=compute_60,code=sm_60;-gencode;arch=compute_61,code=sm_61;-gencode;arch=compute_70,code=sm_70;-gencode;arch=compute_75,code=sm_75;-gencode;arch=compute_80,code=sm_80;-gencode;arch=compute_86,code=sm_86;-gencode;arch=compute_37,code=compute_37
  - CuDNN 8.2
  - Magma 2.5.2
  - Build settings: BLAS_INFO=mkl, BUILD_TYPE=Release, CUDA_VERSION=11.3, CUDNN_VERSION=8.2.0, CXX_COMPILER=/opt/rh/devtoolset-7/root/usr/bin/c++, CXX_FLAGS= -Wno-deprecated -fvisibility-inlines-hidden -DUSE_PTHREADPOOL -fopenmp -DNDEBUG -DUSE_KINETO -DUSE_FBGEMM -DUSE_QNNPACK -DUSE_PYTORCH_QNNPACK -DUSE_XNNPACK -DSYMBOLICATE_MOBILE_DEBUG_HANDLE -DEDGE_PROFILER_USE_KINETO -O2 -fPIC -Wno-narrowing -Wall -Wextra -Werror=return-type -Wno-missing-field-initializers -Wno-type-limits -Wno-array-bounds -Wno-unknown-pragmas -Wno-sign-compare -Wno-unused-parameter -Wno-unused-variable -Wno-unused-function -Wno-unused-result -Wno-unused-local-typedefs -Wno-strict-overflow -Wno-strict-aliasing -Wno-error=deprecated-declarations -Wno-stringop-overflow -Wno-psabi -Wno-error=pedantic -Wno-error=redundant-decls -Wno-error=old-style-cast -fdiagnostics-color=always -faligned-new -Wno-unused-but-set-variable -Wno-maybe-uninitialized -fno-math-errno -fno-trapping-math -Werror=format -Wno-stringop-overflow, LAPACK_INFO=mkl, PERF_WITH_AVX=1, PERF_WITH_AVX2=1, PERF_WITH_AVX512=1, TORCH_VERSION=1.10.2, USE_CUDA=ON, USE_CUDNN=ON, USE_EXCEPTION_PTR=1, USE_GFLAGS=OFF, USE_GLOG=OFF, USE_MKL=ON, USE_MKLDNN=ON, USE_MPI=OFF, USE_NCCL=ON, USE_NNPACK=ON, USE_OPENMP=ON, 

    TorchVision: 0.11.3
    OpenCV: 4.8.1
    MMEngine: 0.9.0

Runtime environment:
    cudnn_benchmark: False
    mp_cfg: {'mp_start_method': 'fork', 'opencv_num_threads': 0}
    dist_cfg: {'backend': 'nccl'}
    seed: 1067351397
    Distributed launcher: none
    Distributed training: False
    GPU number: 1
------------------------------------------------------------

2023/11/01 09:58:23 - mmengine - INFO - Config:
auto_scale_lr = dict(base_batch_size=8)
default_hooks = dict(
    checkpoint=dict(interval=20, type='CheckpointHook'),
    logger=dict(interval=5, type='LoggerHook'),
    param_scheduler=dict(type='ParamSchedulerHook'),
    sampler_seed=dict(type='DistSamplerSeedHook'),
    sync_buffer=dict(type='SyncBuffersHook'),
    timer=dict(type='IterTimerHook'),
    visualization=dict(
        draw_gt=False,
        draw_pred=False,
        enable=False,
        interval=1,
        show=False,
        type='VisualizationHook'))
default_scope = 'mmocr'
env_cfg = dict(
    cudnn_benchmark=False,
    dist_cfg=dict(backend='nccl'),
    mp_cfg=dict(mp_start_method='fork', opencv_num_threads=0))
icdar2015_textdet_data_root = 'data/icdar2015'
icdar2015_textdet_test = dict(
    ann_file='textdet_test.json',
    data_root='data/icdar2015',
    pipeline=[
        dict(color_type='color_ignore_orientation', type='LoadImageFromFile'),
        dict(keep_ratio=True, scale=(
            2260,
            2260,
        ), type='Resize'),
        dict(
            type='LoadOCRAnnotations',
            with_bbox=True,
            with_label=True,
            with_polygon=True),
        dict(
            meta_keys=(
                'img_path',
                'ori_shape',
                'img_shape',
                'scale_factor',
            ),
            type='PackTextDetInputs'),
    ],
    test_mode=True,
    type='OCRDataset')
icdar2015_textdet_train = dict(
    ann_file='textdet_train.json',
    data_root='data/icdar2015',
    filter_cfg=dict(filter_empty_gt=True, min_size=32),
    pipeline=[
        dict(color_type='color_ignore_orientation', type='LoadImageFromFile'),
        dict(
            type='LoadOCRAnnotations',
            with_bbox=True,
            with_label=True,
            with_polygon=True),
        dict(
            keep_ratio=True,
            ratio_range=(
                0.75,
                2.5,
            ),
            scale=(
                800,
                800,
            ),
            type='RandomResize'),
        dict(
            crop_ratio=0.5,
            iter_num=1,
            min_area_ratio=0.2,
            type='TextDetRandomCropFlip'),
        dict(
            prob=0.8,
            transforms=[
                dict(min_side_ratio=0.3, type='RandomCrop'),
            ],
            type='RandomApply'),
        dict(
            prob=0.5,
            transforms=[
                dict(
                    max_angle=30,
                    pad_with_fixed_color=False,
                    type='RandomRotate',
                    use_canvas=True),
            ],
            type='RandomApply'),
        dict(
            prob=[
                0.6,
                0.4,
            ],
            transforms=[
                [
                    dict(keep_ratio=True, scale=800, type='Resize'),
                    dict(target_scale=800, type='SourceImagePad'),
                ],
                dict(keep_ratio=False, scale=800, type='Resize'),
            ],
            type='RandomChoice'),
        dict(direction='horizontal', prob=0.5, type='RandomFlip'),
        dict(
            brightness=0.12549019607843137,
            contrast=0.5,
            op='ColorJitter',
            saturation=0.5,
            type='TorchVisionWrapper'),
        dict(
            meta_keys=(
                'img_path',
                'ori_shape',
                'img_shape',
                'scale_factor',
            ),
            type='PackTextDetInputs'),
    ],
    type='OCRDataset')
launcher = 'none'
load_from = 'checkpoints/fcenet_resnet50-oclip_fpn_1500e_icdar2015_20221101_150145-5a6fc412.pth'
log_level = 'INFO'
log_processor = dict(by_epoch=True, type='LogProcessor', window_size=10)
model = dict(
    backbone=dict(
        init_cfg=dict(
            checkpoint=
            'https://download.openmmlab.com/mmocr/backbone/resnet50-oclip-7ba0c533.pth',
            type='Pretrained'),
        out_indices=(
            1,
            2,
            3,
        ),
        type='CLIPResNet'),
    data_preprocessor=dict(
        bgr_to_rgb=True,
        mean=[
            123.675,
            116.28,
            103.53,
        ],
        pad_size_divisor=32,
        std=[
            58.395,
            57.12,
            57.375,
        ],
        type='TextDetDataPreprocessor'),
    det_head=dict(
        fourier_degree=5,
        in_channels=256,
        module_loss=dict(num_sample=50, type='FCEModuleLoss'),
        postprocessor=dict(
            alpha=1.2,
            beta=1.0,
            num_reconstr_points=50,
            scales=(
                8,
                16,
                32,
            ),
            score_thr=0.3,
            text_repr_type='quad',
            type='FCEPostprocessor'),
        type='FCEHead'),
    neck=dict(
        act_cfg=None,
        add_extra_convs='on_output',
        in_channels=[
            512,
            1024,
            2048,
        ],
        num_outs=3,
        out_channels=256,
        relu_before_extra_convs=True,
        type='mmdet.FPN'),
    type='FCENet')
optim_wrapper = dict(
    optimizer=dict(lr=0.0005, momentum=0.9, type='SGD', weight_decay=0.0005),
    type='OptimWrapper')
param_scheduler = [
    dict(end=1500, eta_min=1e-07, power=0.9, type='PolyLR'),
]
randomness = dict(seed=None)
resume = False
test_cfg = dict(type='TestLoop')
test_dataloader = dict(
    batch_size=1,
    dataset=dict(
        ann_file='textdet_test.json',
        data_root='data/icdar2015',
        pipeline=[
            dict(
                color_type='color_ignore_orientation',
                type='LoadImageFromFile'),
            dict(keep_ratio=True, scale=(
                2260,
                2260,
            ), type='Resize'),
            dict(
                type='LoadOCRAnnotations',
                with_bbox=True,
                with_label=True,
                with_polygon=True),
            dict(
                meta_keys=(
                    'img_path',
                    'ori_shape',
                    'img_shape',
                    'scale_factor',
                ),
                type='PackTextDetInputs'),
        ],
        test_mode=True,
        type='OCRDataset'),
    num_workers=1,
    persistent_workers=True,
    sampler=dict(shuffle=False, type='DefaultSampler'))
test_evaluator = dict(type='HmeanIOUMetric')
test_pipeline = [
    dict(color_type='color_ignore_orientation', type='LoadImageFromFile'),
    dict(keep_ratio=True, scale=(
        2260,
        2260,
    ), type='Resize'),
    dict(
        type='LoadOCRAnnotations',
        with_bbox=True,
        with_label=True,
        with_polygon=True),
    dict(
        meta_keys=(
            'img_path',
            'ori_shape',
            'img_shape',
            'scale_factor',
        ),
        type='PackTextDetInputs'),
]
train_cfg = dict(max_epochs=1500, type='EpochBasedTrainLoop', val_interval=20)
train_dataloader = dict(
    batch_size=16,
    dataset=dict(
        ann_file='textdet_train.json',
        data_root='data/icdar2015',
        filter_cfg=dict(filter_empty_gt=True, min_size=32),
        pipeline=[
            dict(
                color_type='color_ignore_orientation',
                type='LoadImageFromFile'),
            dict(
                type='LoadOCRAnnotations',
                with_bbox=True,
                with_label=True,
                with_polygon=True),
            dict(
                keep_ratio=True,
                ratio_range=(
                    0.75,
                    2.5,
                ),
                scale=(
                    800,
                    800,
                ),
                type='RandomResize'),
            dict(
                crop_ratio=0.5,
                iter_num=1,
                min_area_ratio=0.2,
                type='TextDetRandomCropFlip'),
            dict(
                prob=0.8,
                transforms=[
                    dict(min_side_ratio=0.3, type='RandomCrop'),
                ],
                type='RandomApply'),
            dict(
                prob=0.5,
                transforms=[
                    dict(
                        max_angle=30,
                        pad_with_fixed_color=False,
                        type='RandomRotate',
                        use_canvas=True),
                ],
                type='RandomApply'),
            dict(
                prob=[
                    0.6,
                    0.4,
                ],
                transforms=[
                    [
                        dict(keep_ratio=True, scale=800, type='Resize'),
                        dict(target_scale=800, type='SourceImagePad'),
                    ],
                    dict(keep_ratio=False, scale=800, type='Resize'),
                ],
                type='RandomChoice'),
            dict(direction='horizontal', prob=0.5, type='RandomFlip'),
            dict(
                brightness=0.12549019607843137,
                contrast=0.5,
                op='ColorJitter',
                saturation=0.5,
                type='TorchVisionWrapper'),
            dict(
                meta_keys=(
                    'img_path',
                    'ori_shape',
                    'img_shape',
                    'scale_factor',
                ),
                type='PackTextDetInputs'),
        ],
        type='OCRDataset'),
    num_workers=24,
    persistent_workers=True,
    sampler=dict(shuffle=True, type='DefaultSampler'))
train_pipeline = [
    dict(color_type='color_ignore_orientation', type='LoadImageFromFile'),
    dict(
        type='LoadOCRAnnotations',
        with_bbox=True,
        with_label=True,
        with_polygon=True),
    dict(
        keep_ratio=True,
        ratio_range=(
            0.75,
            2.5,
        ),
        scale=(
            800,
            800,
        ),
        type='RandomResize'),
    dict(
        crop_ratio=0.5,
        iter_num=1,
        min_area_ratio=0.2,
        type='TextDetRandomCropFlip'),
    dict(
        prob=0.8,
        transforms=[
            dict(min_side_ratio=0.3, type='RandomCrop'),
        ],
        type='RandomApply'),
    dict(
        prob=0.5,
        transforms=[
            dict(
                max_angle=30,
                pad_with_fixed_color=False,
                type='RandomRotate',
                use_canvas=True),
        ],
        type='RandomApply'),
    dict(
        prob=[
            0.6,
            0.4,
        ],
        transforms=[
            [
                dict(keep_ratio=True, scale=800, type='Resize'),
                dict(target_scale=800, type='SourceImagePad'),
            ],
            dict(keep_ratio=False, scale=800, type='Resize'),
        ],
        type='RandomChoice'),
    dict(direction='horizontal', prob=0.5, type='RandomFlip'),
    dict(
        brightness=0.12549019607843137,
        contrast=0.5,
        op='ColorJitter',
        saturation=0.5,
        type='TorchVisionWrapper'),
    dict(
        meta_keys=(
            'img_path',
            'ori_shape',
            'img_shape',
            'scale_factor',
        ),
        type='PackTextDetInputs'),
]
val_cfg = dict(type='ValLoop')
val_dataloader = dict(
    batch_size=1,
    dataset=dict(
        ann_file='textdet_test.json',
        data_root='data/icdar2015',
        pipeline=[
            dict(
                color_type='color_ignore_orientation',
                type='LoadImageFromFile'),
            dict(keep_ratio=True, scale=(
                2260,
                2260,
            ), type='Resize'),
            dict(
                type='LoadOCRAnnotations',
                with_bbox=True,
                with_label=True,
                with_polygon=True),
            dict(
                meta_keys=(
                    'img_path',
                    'ori_shape',
                    'img_shape',
                    'scale_factor',
                ),
                type='PackTextDetInputs'),
        ],
        test_mode=True,
        type='OCRDataset'),
    num_workers=1,
    persistent_workers=True,
    sampler=dict(shuffle=False, type='DefaultSampler'))
val_evaluator = dict(type='HmeanIOUMetric')
vis_backends = [
    dict(type='LocalVisBackend'),
]
visualizer = dict(
    name='visualizer',
    type='TextDetLocalVisualizer',
    vis_backends=[
        dict(type='LocalVisBackend'),
    ])
work_dir = './work_dirs/fcenet_resnet50-oclip_fpn_1500e_icdar2015'

2023/11/01 09:58:26 - mmengine - INFO - Distributed training is not used, all SyncBatchNorm (SyncBN) layers in the model will be automatically reverted to BatchNormXd layers if they are used.
2023/11/01 09:58:26 - mmengine - INFO - Hooks will be executed in the following order:
before_run:
(VERY_HIGH   ) RuntimeInfoHook                    
(BELOW_NORMAL) LoggerHook                         
 -------------------- 
before_train:
(VERY_HIGH   ) RuntimeInfoHook                    
(NORMAL      ) IterTimerHook                      
(VERY_LOW    ) CheckpointHook                     
 -------------------- 
before_train_epoch:
(VERY_HIGH   ) RuntimeInfoHook                    
(NORMAL      ) IterTimerHook                      
(NORMAL      ) DistSamplerSeedHook                
 -------------------- 
before_train_iter:
(VERY_HIGH   ) RuntimeInfoHook                    
(NORMAL      ) IterTimerHook                      
 -------------------- 
after_train_iter:
(VERY_HIGH   ) RuntimeInfoHook                    
(NORMAL      ) IterTimerHook                      
(BELOW_NORMAL) LoggerHook                         
(LOW         ) ParamSchedulerHook                 
(VERY_LOW    ) CheckpointHook                     
 -------------------- 
after_train_epoch:
(NORMAL      ) IterTimerHook                      
(NORMAL      ) SyncBuffersHook                    
(LOW         ) ParamSchedulerHook                 
(VERY_LOW    ) CheckpointHook                     
 -------------------- 
before_val:
(VERY_HIGH   ) RuntimeInfoHook                    
 -------------------- 
before_val_epoch:
(NORMAL      ) IterTimerHook                      
(NORMAL      ) SyncBuffersHook                    
 -------------------- 
before_val_iter:
(NORMAL      ) IterTimerHook                      
 -------------------- 
after_val_iter:
(NORMAL      ) IterTimerHook                      
(NORMAL      ) VisualizationHook                  
(BELOW_NORMAL) LoggerHook                         
 -------------------- 
after_val_epoch:
(VERY_HIGH   ) RuntimeInfoHook                    
(NORMAL      ) IterTimerHook                      
(BELOW_NORMAL) LoggerHook                         
(LOW         ) ParamSchedulerHook                 
(VERY_LOW    ) CheckpointHook                     
 -------------------- 
after_val:
(VERY_HIGH   ) RuntimeInfoHook                    
 -------------------- 
after_train:
(VERY_HIGH   ) RuntimeInfoHook                    
(VERY_LOW    ) CheckpointHook                     
 -------------------- 
before_test:
(VERY_HIGH   ) RuntimeInfoHook                    
 -------------------- 
before_test_epoch:
(NORMAL      ) IterTimerHook                      
 -------------------- 
before_test_iter:
(NORMAL      ) IterTimerHook                      
 -------------------- 
after_test_iter:
(NORMAL      ) IterTimerHook                      
(NORMAL      ) VisualizationHook                  
(BELOW_NORMAL) LoggerHook                         
 -------------------- 
after_test_epoch:
(VERY_HIGH   ) RuntimeInfoHook                    
(NORMAL      ) IterTimerHook                      
(BELOW_NORMAL) LoggerHook                         
 -------------------- 
after_test:
(VERY_HIGH   ) RuntimeInfoHook                    
 -------------------- 
after_run:
(BELOW_NORMAL) LoggerHook                         
 -------------------- 
2023/11/01 09:58:27 - mmengine - INFO - Load checkpoint from checkpoints/fcenet_resnet50-oclip_fpn_1500e_icdar2015_20221101_150145-5a6fc412.pth
2023/11/01 09:58:28 - mmengine - INFO - Epoch(test) [  5/500]    eta: 0:02:24  time: 0.2921  data_time: 0.0893  memory: 715  
2023/11/01 09:58:29 - mmengine - INFO - Epoch(test) [ 10/500]    eta: 0:01:49  time: 0.2228  data_time: 0.0456  memory: 715  
2023/11/01 09:58:29 - mmengine - INFO - Epoch(test) [ 15/500]    eta: 0:01:26  time: 0.1202  data_time: 0.0018  memory: 715  
2023/11/01 09:58:31 - mmengine - INFO - Epoch(test) [ 20/500]    eta: 0:01:33  time: 0.1685  data_time: 0.0017  memory: 715  
2023/11/01 09:58:31 - mmengine - INFO - Epoch(test) [ 25/500]    eta: 0:01:27  time: 0.1934  data_time: 0.0017  memory: 715  
2023/11/01 09:58:32 - mmengine - INFO - Epoch(test) [ 30/500]    eta: 0:01:27  time: 0.1677  data_time: 0.0017  memory: 715  
2023/11/01 09:58:33 - mmengine - INFO - Epoch(test) [ 35/500]    eta: 0:01:21  time: 0.1547  data_time: 0.0017  memory: 715  
2023/11/01 09:58:33 - mmengine - INFO - Epoch(test) [ 40/500]    eta: 0:01:16  time: 0.1036  data_time: 0.0016  memory: 715  
2023/11/01 09:58:34 - mmengine - INFO - Epoch(test) [ 45/500]    eta: 0:01:12  time: 0.0984  data_time: 0.0016  memory: 715  
2023/11/01 09:58:34 - mmengine - INFO - Epoch(test) [ 50/500]    eta: 0:01:08  time: 0.1002  data_time: 0.0016  memory: 715  
2023/11/01 09:58:35 - mmengine - INFO - Epoch(test) [ 55/500]    eta: 0:01:05  time: 0.0987  data_time: 0.0017  memory: 715  
2023/11/01 09:58:36 - mmengine - INFO - Epoch(test) [ 60/500]    eta: 0:01:06  time: 0.1472  data_time: 0.0018  memory: 715  
2023/11/01 09:58:36 - mmengine - INFO - Epoch(test) [ 65/500]    eta: 0:01:04  time: 0.1575  data_time: 0.0019  memory: 715  
2023/11/01 09:58:37 - mmengine - INFO - Epoch(test) [ 70/500]    eta: 0:01:03  time: 0.1294  data_time: 0.0019  memory: 715  
2023/11/01 09:58:38 - mmengine - INFO - Epoch(test) [ 75/500]    eta: 0:01:02  time: 0.1267  data_time: 0.0019  memory: 715  
2023/11/01 09:58:38 - mmengine - INFO - Epoch(test) [ 80/500]    eta: 0:01:01  time: 0.1282  data_time: 0.0018  memory: 715  
2023/11/01 09:58:39 - mmengine - INFO - Epoch(test) [ 85/500]    eta: 0:01:00  time: 0.1458  data_time: 0.0018  memory: 715  
2023/11/01 09:58:40 - mmengine - INFO - Epoch(test) [ 90/500]    eta: 0:00:59  time: 0.1460  data_time: 0.0018  memory: 715  
2023/11/01 09:58:40 - mmengine - INFO - Epoch(test) [ 95/500]    eta: 0:00:58  time: 0.1359  data_time: 0.0018  memory: 715  
2023/11/01 09:58:41 - mmengine - INFO - Epoch(test) [100/500]    eta: 0:00:57  time: 0.1229  data_time: 0.0018  memory: 715  
2023/11/01 09:58:42 - mmengine - INFO - Epoch(test) [105/500]    eta: 0:00:57  time: 0.1411  data_time: 0.0017  memory: 715  
2023/11/01 09:58:43 - mmengine - INFO - Epoch(test) [110/500]    eta: 0:00:58  time: 0.2164  data_time: 0.0017  memory: 715  
2023/11/01 09:58:44 - mmengine - INFO - Epoch(test) [115/500]    eta: 0:00:57  time: 0.1856  data_time: 0.0018  memory: 715  
2023/11/01 09:58:45 - mmengine - INFO - Epoch(test) [120/500]    eta: 0:00:56  time: 0.1369  data_time: 0.0019  memory: 715  
2023/11/01 09:58:45 - mmengine - INFO - Epoch(test) [125/500]    eta: 0:00:55  time: 0.1484  data_time: 0.0019  memory: 715  
2023/11/01 09:58:46 - mmengine - INFO - Epoch(test) [130/500]    eta: 0:00:54  time: 0.1161  data_time: 0.0019  memory: 715  
2023/11/01 09:58:47 - mmengine - INFO - Epoch(test) [135/500]    eta: 0:00:53  time: 0.1355  data_time: 0.0018  memory: 715  
2023/11/01 09:58:47 - mmengine - INFO - Epoch(test) [140/500]    eta: 0:00:53  time: 0.1680  data_time: 0.0017  memory: 715  
2023/11/01 09:58:48 - mmengine - INFO - Epoch(test) [145/500]    eta: 0:00:52  time: 0.1695  data_time: 0.0017  memory: 715  
2023/11/01 09:58:49 - mmengine - INFO - Epoch(test) [150/500]    eta: 0:00:52  time: 0.1661  data_time: 0.0017  memory: 715  
2023/11/01 09:58:50 - mmengine - INFO - Epoch(test) [155/500]    eta: 0:00:51  time: 0.1443  data_time: 0.0017  memory: 715  
2023/11/01 09:58:51 - mmengine - INFO - Epoch(test) [160/500]    eta: 0:00:51  time: 0.1827  data_time: 0.0017  memory: 715  
2023/11/01 09:58:51 - mmengine - INFO - Epoch(test) [165/500]    eta: 0:00:50  time: 0.1766  data_time: 0.0017  memory: 715  
2023/11/01 09:58:52 - mmengine - INFO - Epoch(test) [170/500]    eta: 0:00:49  time: 0.1403  data_time: 0.0017  memory: 715  
2023/11/01 09:58:53 - mmengine - INFO - Epoch(test) [175/500]    eta: 0:00:48  time: 0.1504  data_time: 0.0017  memory: 715  
2023/11/01 09:58:54 - mmengine - INFO - Epoch(test) [180/500]    eta: 0:00:47  time: 0.1212  data_time: 0.0017  memory: 715  
2023/11/01 09:58:54 - mmengine - INFO - Epoch(test) [185/500]    eta: 0:00:46  time: 0.1191  data_time: 0.0017  memory: 715  
2023/11/01 09:58:55 - mmengine - INFO - Epoch(test) [190/500]    eta: 0:00:45  time: 0.1211  data_time: 0.0017  memory: 715  
2023/11/01 09:58:55 - mmengine - INFO - Epoch(test) [195/500]    eta: 0:00:45  time: 0.1314  data_time: 0.0017  memory: 715  
2023/11/01 09:58:56 - mmengine - INFO - Epoch(test) [200/500]    eta: 0:00:44  time: 0.1286  data_time: 0.0018  memory: 715  
2023/11/01 09:58:57 - mmengine - INFO - Epoch(test) [205/500]    eta: 0:00:43  time: 0.1094  data_time: 0.0018  memory: 715  
2023/11/01 09:58:57 - mmengine - INFO - Epoch(test) [210/500]    eta: 0:00:42  time: 0.1092  data_time: 0.0017  memory: 715  
2023/11/01 09:58:58 - mmengine - INFO - Epoch(test) [215/500]    eta: 0:00:41  time: 0.1110  data_time: 0.0017  memory: 715  
2023/11/01 09:58:59 - mmengine - INFO - Epoch(test) [220/500]    eta: 0:00:40  time: 0.1367  data_time: 0.0018  memory: 715  
2023/11/01 09:58:59 - mmengine - INFO - Epoch(test) [225/500]    eta: 0:00:39  time: 0.1422  data_time: 0.0019  memory: 715  
2023/11/01 09:59:00 - mmengine - INFO - Epoch(test) [230/500]    eta: 0:00:38  time: 0.1231  data_time: 0.0019  memory: 715  
2023/11/01 09:59:01 - mmengine - INFO - Epoch(test) [235/500]    eta: 0:00:38  time: 0.1754  data_time: 0.0019  memory: 715  
2023/11/01 09:59:02 - mmengine - INFO - Epoch(test) [240/500]    eta: 0:00:37  time: 0.1940  data_time: 0.0018  memory: 715  
2023/11/01 09:59:03 - mmengine - INFO - Epoch(test) [245/500]    eta: 0:00:37  time: 0.2031  data_time: 0.0016  memory: 715  
2023/11/01 09:59:04 - mmengine - INFO - Epoch(test) [250/500]    eta: 0:00:37  time: 0.2199  data_time: 0.0016  memory: 715  
2023/11/01 09:59:05 - mmengine - INFO - Epoch(test) [255/500]    eta: 0:00:36  time: 0.1678  data_time: 0.0017  memory: 715  
2023/11/01 09:59:05 - mmengine - INFO - Epoch(test) [260/500]    eta: 0:00:35  time: 0.1405  data_time: 0.0017  memory: 715  
2023/11/01 09:59:06 - mmengine - INFO - Epoch(test) [265/500]    eta: 0:00:35  time: 0.1902  data_time: 0.0019  memory: 715  
2023/11/01 09:59:07 - mmengine - INFO - Epoch(test) [270/500]    eta: 0:00:34  time: 0.1710  data_time: 0.0019  memory: 715  
2023/11/01 09:59:08 - mmengine - INFO - Epoch(test) [275/500]    eta: 0:00:33  time: 0.1113  data_time: 0.0017  memory: 715  
2023/11/01 09:59:08 - mmengine - INFO - Epoch(test) [280/500]    eta: 0:00:32  time: 0.1456  data_time: 0.0015  memory: 715  
2023/11/01 09:59:09 - mmengine - INFO - Epoch(test) [285/500]    eta: 0:00:31  time: 0.1499  data_time: 0.0015  memory: 715  
2023/11/01 09:59:10 - mmengine - INFO - Epoch(test) [290/500]    eta: 0:00:31  time: 0.1301  data_time: 0.0015  memory: 715  
2023/11/01 09:59:10 - mmengine - INFO - Epoch(test) [295/500]    eta: 0:00:30  time: 0.1165  data_time: 0.0016  memory: 715  
2023/11/01 09:59:11 - mmengine - INFO - Epoch(test) [300/500]    eta: 0:00:29  time: 0.1124  data_time: 0.0016  memory: 715  
2023/11/01 09:59:12 - mmengine - INFO - Epoch(test) [305/500]    eta: 0:00:28  time: 0.1510  data_time: 0.0015  memory: 715  
2023/11/01 09:59:12 - mmengine - INFO - Epoch(test) [310/500]    eta: 0:00:27  time: 0.1518  data_time: 0.0015  memory: 715  
2023/11/01 09:59:13 - mmengine - INFO - Epoch(test) [315/500]    eta: 0:00:27  time: 0.1268  data_time: 0.0015  memory: 715  
2023/11/01 09:59:14 - mmengine - INFO - Epoch(test) [320/500]    eta: 0:00:26  time: 0.1620  data_time: 0.0016  memory: 715  
2023/11/01 09:59:15 - mmengine - INFO - Epoch(test) [325/500]    eta: 0:00:25  time: 0.1501  data_time: 0.0016  memory: 715  
2023/11/01 09:59:15 - mmengine - INFO - Epoch(test) [330/500]    eta: 0:00:25  time: 0.1262  data_time: 0.0017  memory: 715  
2023/11/01 09:59:16 - mmengine - INFO - Epoch(test) [335/500]    eta: 0:00:24  time: 0.1418  data_time: 0.0016  memory: 715  
2023/11/01 09:59:17 - mmengine - INFO - Epoch(test) [340/500]    eta: 0:00:23  time: 0.1316  data_time: 0.0015  memory: 715  
2023/11/01 09:59:17 - mmengine - INFO - Epoch(test) [345/500]    eta: 0:00:22  time: 0.1036  data_time: 0.0016  memory: 715  
2023/11/01 09:59:18 - mmengine - INFO - Epoch(test) [350/500]    eta: 0:00:21  time: 0.1036  data_time: 0.0016  memory: 715  
2023/11/01 09:59:18 - mmengine - INFO - Epoch(test) [355/500]    eta: 0:00:21  time: 0.1167  data_time: 0.0016  memory: 715  
2023/11/01 09:59:19 - mmengine - INFO - Epoch(test) [360/500]    eta: 0:00:20  time: 0.1389  data_time: 0.0016  memory: 715  
2023/11/01 09:59:20 - mmengine - INFO - Epoch(test) [365/500]    eta: 0:00:19  time: 0.1486  data_time: 0.0016  memory: 715  
2023/11/01 09:59:21 - mmengine - INFO - Epoch(test) [370/500]    eta: 0:00:18  time: 0.1647  data_time: 0.0016  memory: 715  
2023/11/01 09:59:22 - mmengine - INFO - Epoch(test) [375/500]    eta: 0:00:18  time: 0.2825  data_time: 0.0017  memory: 715  
2023/11/01 09:59:23 - mmengine - INFO - Epoch(test) [380/500]    eta: 0:00:17  time: 0.2648  data_time: 0.0018  memory: 715  
2023/11/01 09:59:24 - mmengine - INFO - Epoch(test) [385/500]    eta: 0:00:17  time: 0.1571  data_time: 0.0017  memory: 715  
2023/11/01 09:59:25 - mmengine - INFO - Epoch(test) [390/500]    eta: 0:00:16  time: 0.1843  data_time: 0.0017  memory: 715  
2023/11/01 09:59:26 - mmengine - INFO - Epoch(test) [395/500]    eta: 0:00:15  time: 0.1847  data_time: 0.0017  memory: 715  
2023/11/01 09:59:27 - mmengine - INFO - Epoch(test) [400/500]    eta: 0:00:14  time: 0.1409  data_time: 0.0016  memory: 715  
2023/11/01 09:59:27 - mmengine - INFO - Epoch(test) [405/500]    eta: 0:00:14  time: 0.1157  data_time: 0.0016  memory: 715  
2023/11/01 09:59:28 - mmengine - INFO - Epoch(test) [410/500]    eta: 0:00:13  time: 0.1010  data_time: 0.0016  memory: 715  
2023/11/01 09:59:28 - mmengine - INFO - Epoch(test) [415/500]    eta: 0:00:12  time: 0.1010  data_time: 0.0016  memory: 715  
2023/11/01 09:59:29 - mmengine - INFO - Epoch(test) [420/500]    eta: 0:00:11  time: 0.1295  data_time: 0.0016  memory: 715  
2023/11/01 09:59:30 - mmengine - INFO - Epoch(test) [425/500]    eta: 0:00:11  time: 0.1479  data_time: 0.0016  memory: 715  
2023/11/01 09:59:30 - mmengine - INFO - Epoch(test) [430/500]    eta: 0:00:10  time: 0.1407  data_time: 0.0016  memory: 715  
2023/11/01 09:59:31 - mmengine - INFO - Epoch(test) [435/500]    eta: 0:00:09  time: 0.1274  data_time: 0.0016  memory: 715  
2023/11/01 09:59:32 - mmengine - INFO - Epoch(test) [440/500]    eta: 0:00:08  time: 0.1547  data_time: 0.0016  memory: 715  
2023/11/01 09:59:33 - mmengine - INFO - Epoch(test) [445/500]    eta: 0:00:08  time: 0.1747  data_time: 0.0016  memory: 715  
2023/11/01 09:59:33 - mmengine - INFO - Epoch(test) [450/500]    eta: 0:00:07  time: 0.1365  data_time: 0.0016  memory: 715  
2023/11/01 09:59:34 - mmengine - INFO - Epoch(test) [455/500]    eta: 0:00:06  time: 0.1273  data_time: 0.0016  memory: 715  
2023/11/01 09:59:35 - mmengine - INFO - Epoch(test) [460/500]    eta: 0:00:05  time: 0.1627  data_time: 0.0016  memory: 715  
2023/11/01 09:59:35 - mmengine - INFO - Epoch(test) [465/500]    eta: 0:00:05  time: 0.1502  data_time: 0.0016  memory: 715  
2023/11/01 09:59:36 - mmengine - INFO - Epoch(test) [470/500]    eta: 0:00:04  time: 0.1109  data_time: 0.0016  memory: 715  
2023/11/01 09:59:37 - mmengine - INFO - Epoch(test) [475/500]    eta: 0:00:03  time: 0.1356  data_time: 0.0016  memory: 715  
2023/11/01 09:59:37 - mmengine - INFO - Epoch(test) [480/500]    eta: 0:00:02  time: 0.1343  data_time: 0.0016  memory: 715  
2023/11/01 09:59:38 - mmengine - INFO - Epoch(test) [485/500]    eta: 0:00:02  time: 0.1380  data_time: 0.0016  memory: 715  
2023/11/01 09:59:39 - mmengine - INFO - Epoch(test) [490/500]    eta: 0:00:01  time: 0.1796  data_time: 0.0016  memory: 715  
2023/11/01 09:59:40 - mmengine - INFO - Epoch(test) [495/500]    eta: 0:00:00  time: 0.1517  data_time: 0.0016  memory: 715  
2023/11/01 09:59:41 - mmengine - INFO - Epoch(test) [500/500]    eta: 0:00:00  time: 0.1455  data_time: 0.0016  memory: 715  
2023/11/01 09:59:41 - mmengine - INFO - Evaluating hmean-iou...
2023/11/01 09:59:41 - mmengine - INFO - prediction score threshold: 0.30, recall: 0.8628, precision: 0.7839, hmean: 0.8215

2023/11/01 09:59:41 - mmengine - INFO - prediction score threshold: 0.40, recall: 0.8594, precision: 0.8048, hmean: 0.8312

2023/11/01 09:59:41 - mmengine - INFO - prediction score threshold: 0.50, recall: 0.8541, precision: 0.8240, hmean: 0.8388

2023/11/01 09:59:41 - mmengine - INFO - prediction score threshold: 0.60, recall: 0.8498, precision: 0.8425, hmean: 0.8461

2023/11/01 09:59:41 - mmengine - INFO - prediction score threshold: 0.70, recall: 0.8430, precision: 0.8681, hmean: 0.8554

2023/11/01 09:59:41 - mmengine - INFO - prediction score threshold: 0.80, recall: 0.8344, precision: 0.8883, hmean: 0.8605

2023/11/01 09:59:41 - mmengine - INFO - prediction score threshold: 0.90, recall: 0.8103, precision: 0.9177, hmean: 0.8606

2023/11/01 09:59:41 - mmengine - INFO - Epoch(test) [500/500]    icdar/precision: 0.9177  icdar/recall: 0.8103  icdar/hmean: 0.8606  data_time: 0.0026  time: 0.1476
