2023/11/13 20:35:49 - mmengine - INFO - 
------------------------------------------------------------
System environment:
    sys.platform: linux
    Python: 3.8.18 (default, Sep 11 2023, 13:40:15) [GCC 11.2.0]
    CUDA available: True
    numpy_random_seed: 1639081731
    GPU 0,1,2,3,4,5: NVIDIA GeForce RTX 4090
    CUDA_HOME: /usr/local/cuda-11.3
    NVCC: Cuda compilation tools, release 11.3, V11.3.58
    GCC: gcc (Ubuntu 7.5.0-3ubuntu1~18.04) 7.5.0
    PyTorch: 1.10.2
    PyTorch compiling details: PyTorch built with:
  - GCC 7.3
  - C++ Version: 201402
  - Intel(R) oneAPI Math Kernel Library Version 2023.1-Product Build 20230303 for Intel(R) 64 architecture applications
  - Intel(R) MKL-DNN v2.2.3 (Git Hash 7336ca9f055cf1bfa13efb658fe15dc9b41f0740)
  - OpenMP 201511 (a.k.a. OpenMP 4.5)
  - LAPACK is enabled (usually provided by MKL)
  - NNPACK is enabled
  - CPU capability usage: AVX2
  - CUDA Runtime 11.3
  - NVCC architecture flags: -gencode;arch=compute_37,code=sm_37;-gencode;arch=compute_50,code=sm_50;-gencode;arch=compute_60,code=sm_60;-gencode;arch=compute_61,code=sm_61;-gencode;arch=compute_70,code=sm_70;-gencode;arch=compute_75,code=sm_75;-gencode;arch=compute_80,code=sm_80;-gencode;arch=compute_86,code=sm_86;-gencode;arch=compute_37,code=compute_37
  - CuDNN 8.2
  - Magma 2.5.2
  - Build settings: BLAS_INFO=mkl, BUILD_TYPE=Release, CUDA_VERSION=11.3, CUDNN_VERSION=8.2.0, CXX_COMPILER=/opt/rh/devtoolset-7/root/usr/bin/c++, CXX_FLAGS= -Wno-deprecated -fvisibility-inlines-hidden -DUSE_PTHREADPOOL -fopenmp -DNDEBUG -DUSE_KINETO -DUSE_FBGEMM -DUSE_QNNPACK -DUSE_PYTORCH_QNNPACK -DUSE_XNNPACK -DSYMBOLICATE_MOBILE_DEBUG_HANDLE -DEDGE_PROFILER_USE_KINETO -O2 -fPIC -Wno-narrowing -Wall -Wextra -Werror=return-type -Wno-missing-field-initializers -Wno-type-limits -Wno-array-bounds -Wno-unknown-pragmas -Wno-sign-compare -Wno-unused-parameter -Wno-unused-variable -Wno-unused-function -Wno-unused-result -Wno-unused-local-typedefs -Wno-strict-overflow -Wno-strict-aliasing -Wno-error=deprecated-declarations -Wno-stringop-overflow -Wno-psabi -Wno-error=pedantic -Wno-error=redundant-decls -Wno-error=old-style-cast -fdiagnostics-color=always -faligned-new -Wno-unused-but-set-variable -Wno-maybe-uninitialized -fno-math-errno -fno-trapping-math -Werror=format -Wno-stringop-overflow, LAPACK_INFO=mkl, PERF_WITH_AVX=1, PERF_WITH_AVX2=1, PERF_WITH_AVX512=1, TORCH_VERSION=1.10.2, USE_CUDA=ON, USE_CUDNN=ON, USE_EXCEPTION_PTR=1, USE_GFLAGS=OFF, USE_GLOG=OFF, USE_MKL=ON, USE_MKLDNN=ON, USE_MPI=OFF, USE_NCCL=ON, USE_NNPACK=ON, USE_OPENMP=ON, 

    TorchVision: 0.11.3
    OpenCV: 4.8.1
    MMEngine: 0.9.1

Runtime environment:
    cudnn_benchmark: False
    mp_cfg: {'mp_start_method': 'fork', 'opencv_num_threads': 0}
    dist_cfg: {'backend': 'nccl'}
    seed: 1639081731
    Distributed launcher: pytorch
    Distributed training: True
    GPU number: 2
------------------------------------------------------------

2023/11/13 20:35:49 - mmengine - INFO - Config:
auto_scale_lr = dict(base_batch_size=16)
default_hooks = dict(
    checkpoint=dict(interval=5, max_keep_ckpts=1, type='CheckpointHook'),
    logger=dict(interval=5, type='LoggerHook'),
    param_scheduler=dict(type='ParamSchedulerHook'),
    sampler_seed=dict(type='DistSamplerSeedHook'),
    sync_buffer=dict(type='SyncBuffersHook'),
    timer=dict(type='IterTimerHook'),
    visualization=dict(
        draw_gt=False,
        draw_pred=False,
        enable=False,
        interval=1,
        show=False,
        type='VisualizationHook'))
default_scope = 'mmocr'
env_cfg = dict(
    cudnn_benchmark=False,
    dist_cfg=dict(backend='nccl'),
    mp_cfg=dict(mp_start_method='fork', opencv_num_threads=0))
icdar2015_textdet_data_root = 'data/icdar2015'
icdar2015_textdet_test = dict(
    ann_file='textdet_test.json',
    data_root='data/icdar2015',
    pipeline=[
        dict(color_type='color_ignore_orientation', type='LoadImageFromFile'),
        dict(keep_ratio=True, scale=(
            4068,
            1024,
        ), type='Resize'),
        dict(
            type='LoadOCRAnnotations',
            with_bbox=True,
            with_label=True,
            with_polygon=True),
        dict(
            meta_keys=(
                'img_path',
                'ori_shape',
                'img_shape',
                'scale_factor',
            ),
            type='PackTextDetInputs'),
    ],
    test_mode=True,
    type='OCRDataset')
icdar2015_textdet_train = dict(
    ann_file='textdet_train.json',
    data_root='data/icdar2015',
    filter_cfg=dict(filter_empty_gt=True, min_size=32),
    pipeline=[
        dict(color_type='color_ignore_orientation', type='LoadImageFromFile'),
        dict(
            type='LoadOCRAnnotations',
            with_bbox=True,
            with_label=True,
            with_polygon=True),
        dict(
            brightness=0.12549019607843137,
            op='ColorJitter',
            saturation=0.5,
            type='TorchVisionWrapper'),
        dict(
            args=[
                [
                    'Fliplr',
                    0.5,
                ],
                dict(cls='Affine', rotate=[
                    -10,
                    10,
                ]),
                [
                    'Resize',
                    [
                        0.5,
                        3.0,
                    ],
                ],
            ],
            type='ImgAugWrapper'),
        dict(min_side_ratio=0.1, type='RandomCrop'),
        dict(keep_ratio=True, scale=(
            640,
            640,
        ), type='Resize'),
        dict(size=(
            640,
            640,
        ), type='Pad'),
        dict(
            meta_keys=(
                'img_path',
                'ori_shape',
                'img_shape',
            ),
            type='PackTextDetInputs'),
    ],
    type='OCRDataset')
launcher = 'pytorch'
load_from = None
log_level = 'INFO'
log_processor = dict(by_epoch=True, type='LogProcessor', window_size=10)
model = dict(
    backbone=dict(
        input_resolution=640,
        layers=[
            3,
            4,
            6,
            3,
        ],
        output_dim=1024,
        style='pytorch',
        type='CLIPResNetWithAttention'),
    class_names=[
        'the pixels of many arbitrary-shape text instances.',
    ],
    context_decoder=dict(
        dropout=0.1,
        outdim=1024,
        style='pytorch',
        transformer_heads=4,
        transformer_layers=3,
        transformer_width=256,
        type='ContextDecoder',
        visual_dim=1024),
    context_length=14,
    det_head=dict(
        in_channels=256,
        loss=dict(alpha=5.0, bbce_loss=True, beta=10.0, type='DBLoss'),
        postprocessor=dict(text_repr_type='quad', type='DBPostprocessor'),
        type='DBHead'),
    identity_head=dict(
        bbce_loss=True,
        downsample_ratio=32.0,
        loss_weight=1.0,
        negative_ratio=3.0,
        reduction='mean',
        type='IdentityHead'),
    neck=dict(
        in_channels=[
            256,
            512,
            1024,
            2049,
        ],
        lateral_channels=256,
        type='FPNC'),
    pretrained='/home/biometrics/reserve/Multimodal-Product/pretrained/RN50.pt',
    prompt_generator=dict(
        style='pytorch',
        token_embed_dim=512,
        type='PromptGenerator',
        visual_dim=1024),
    test_cfg=None,
    text_encoder=dict(
        context_length=18,
        embed_dim=1024,
        style='pytorch',
        transformer_heads=8,
        transformer_layers=12,
        transformer_width=512,
        type='CLIPTextContextEncoder'),
    train_cfg=None,
    type='CLIPProduct',
    use_learnable_prompt=True,
    use_learnable_prompt_only=False,
    visual_prompt_generator=dict(
        dropout=0.1,
        outdim=1024,
        style='pytorch',
        transformer_heads=4,
        transformer_layers=3,
        transformer_width=256,
        type='ContextDecoder',
        visual_dim=1024))
optim_wrapper = dict(
    optimizer=dict(lr=0.007, momentum=0.9, type='SGD', weight_decay=0.0001),
    type='OptimWrapper')
param_scheduler = [
    dict(begin=100, end=1200, eta_min=1e-07, power=0.9, type='PolyLR'),
]
prompt_class_names = [
    'the pixels of many arbitrary-shape text instances.',
]
randomness = dict(seed=None)
resume = False
test_cfg = dict(type='TestLoop')
test_dataloader = dict(
    batch_size=1,
    dataset=dict(
        ann_file='textdet_test.json',
        data_root='data/icdar2015',
        pipeline=[
            dict(
                color_type='color_ignore_orientation',
                type='LoadImageFromFile'),
            dict(keep_ratio=True, scale=(
                4068,
                1024,
            ), type='Resize'),
            dict(
                type='LoadOCRAnnotations',
                with_bbox=True,
                with_label=True,
                with_polygon=True),
            dict(
                meta_keys=(
                    'img_path',
                    'ori_shape',
                    'img_shape',
                    'scale_factor',
                ),
                type='PackTextDetInputs'),
        ],
        test_mode=True,
        type='OCRDataset'),
    num_workers=4,
    persistent_workers=True,
    sampler=dict(shuffle=False, type='DefaultSampler'))
test_evaluator = dict(type='HmeanIOUMetric')
test_pipeline = [
    dict(color_type='color_ignore_orientation', type='LoadImageFromFile'),
    dict(keep_ratio=True, scale=(
        4068,
        1024,
    ), type='Resize'),
    dict(
        type='LoadOCRAnnotations',
        with_bbox=True,
        with_label=True,
        with_polygon=True),
    dict(
        meta_keys=(
            'img_path',
            'ori_shape',
            'img_shape',
            'scale_factor',
        ),
        type='PackTextDetInputs'),
]
train_cfg = dict(max_epochs=1200, type='EpochBasedTrainLoop', val_interval=10)
train_dataloader = dict(
    batch_size=16,
    dataset=dict(
        ann_file='textdet_train.json',
        data_root='data/icdar2015',
        filter_cfg=dict(filter_empty_gt=True, min_size=32),
        pipeline=[
            dict(
                color_type='color_ignore_orientation',
                type='LoadImageFromFile'),
            dict(
                type='LoadOCRAnnotations',
                with_bbox=True,
                with_label=True,
                with_polygon=True),
            dict(
                brightness=0.12549019607843137,
                op='ColorJitter',
                saturation=0.5,
                type='TorchVisionWrapper'),
            dict(
                args=[
                    [
                        'Fliplr',
                        0.5,
                    ],
                    dict(cls='Affine', rotate=[
                        -10,
                        10,
                    ]),
                    [
                        'Resize',
                        [
                            0.5,
                            3.0,
                        ],
                    ],
                ],
                type='ImgAugWrapper'),
            dict(min_side_ratio=0.1, type='RandomCrop'),
            dict(keep_ratio=True, scale=(
                640,
                640,
            ), type='Resize'),
            dict(size=(
                640,
                640,
            ), type='Pad'),
            dict(
                meta_keys=(
                    'img_path',
                    'ori_shape',
                    'img_shape',
                ),
                type='PackTextDetInputs'),
        ],
        type='OCRDataset'),
    num_workers=24,
    persistent_workers=True,
    sampler=dict(shuffle=True, type='DefaultSampler'))
train_pipeline = [
    dict(color_type='color_ignore_orientation', type='LoadImageFromFile'),
    dict(
        type='LoadOCRAnnotations',
        with_bbox=True,
        with_label=True,
        with_polygon=True),
    dict(
        brightness=0.12549019607843137,
        op='ColorJitter',
        saturation=0.5,
        type='TorchVisionWrapper'),
    dict(
        args=[
            [
                'Fliplr',
                0.5,
            ],
            dict(cls='Affine', rotate=[
                -10,
                10,
            ]),
            [
                'Resize',
                [
                    0.5,
                    3.0,
                ],
            ],
        ],
        type='ImgAugWrapper'),
    dict(min_side_ratio=0.1, type='RandomCrop'),
    dict(keep_ratio=True, scale=(
        640,
        640,
    ), type='Resize'),
    dict(size=(
        640,
        640,
    ), type='Pad'),
    dict(
        meta_keys=(
            'img_path',
            'ori_shape',
            'img_shape',
        ),
        type='PackTextDetInputs'),
]
val_cfg = dict(type='ValLoop')
val_dataloader = dict(
    batch_size=1,
    dataset=dict(
        ann_file='textdet_test.json',
        data_root='data/icdar2015',
        pipeline=[
            dict(
                color_type='color_ignore_orientation',
                type='LoadImageFromFile'),
            dict(keep_ratio=True, scale=(
                4068,
                1024,
            ), type='Resize'),
            dict(
                type='LoadOCRAnnotations',
                with_bbox=True,
                with_label=True,
                with_polygon=True),
            dict(
                meta_keys=(
                    'img_path',
                    'ori_shape',
                    'img_shape',
                    'scale_factor',
                ),
                type='PackTextDetInputs'),
        ],
        test_mode=True,
        type='OCRDataset'),
    num_workers=4,
    persistent_workers=True,
    sampler=dict(shuffle=False, type='DefaultSampler'))
val_evaluator = dict(type='HmeanIOUMetric')
vis_backends = [
    dict(type='LocalVisBackend'),
]
visualizer = dict(
    name='visualizer',
    type='TextDetLocalVisualizer',
    vis_backends=[
        dict(type='LocalVisBackend'),
    ])
work_dir = './work_dirs/clip_db_r50_fpnc_prompt_gen_vis_1200e_ft_gen_ic15_adam_taiji'

